This is pdfTeX, Version 3.141592-1.40.3 (Web2C 7.5.6) (format=pdflatex 2014.6.17)  23 JUN 2014 11:52
entering extended mode
**article.tex
(./article.tex
LaTeX2e <2005/12/01>
Babel <v3.8h> and hyphenation patterns for english, usenglishmax, dumylang, noh
yphenation, basque, bulgarian, coptic, welsh, czech, slovak, german, ngerman, d
anish, esperanto, spanish, catalan, galician, estonian, finnish, french, greek,
 monogreek, ancientgreek, croatian, hungarian, interlingua, ibycus, indonesian,
 icelandic, italian, latin, mongolian, dutch, norsk, polish, portuguese, romani
an, russian, slovenian, uppersorbian, serbian, swedish, turkish, ukenglish, ukr
ainian, loaded.
(./classrep.cls
Document Class: classrep 2009/11/27 ICS Class Assignment Report
(/usr/share/texmf/tex/latex/mwcls/mwart.cls
Document Class: mwart 2003/05/09 v0.65 A LaTeX document class (MW)
*** Beta version. Formatting may change
*** in future versions of this class.
(/usr/share/texmf/tex/latex/mwcls/mw12.clo
File: mw12.clo 2003/05/09 v0.65 A document class size option (MW)
)
\@parindent=\dimen102
\c@part=\count79
\c@section=\count80
\c@subsection=\count81
\c@subsubsection=\count82
\c@paragraph=\count83
\c@subparagraph=\count84
\c@figure=\count85
\c@table=\count86
\abovecaptionskip=\skip41
\belowcaptionskip=\skip42
\bibindent=\dimen103
)
(/usr/share/texmf/tex/latex/platex/polski.sty
Package: polski 2003/05/09 v1.3.1 Polish language package

Document Language Style `polski' v1.3.1 <2003/05/09>
(/usr/share/texmf/tex/latex/base/ot4enc.def
File: ot4enc.def 2005/09/27 v1.99g Standard LaTeX file
))
(/usr/share/texmf/tex/latex/ltxmisc/url.sty
\Urlmuskip=\muskip10
Package: url 2005/06/27  ver 3.2  Verb mode for urls, etc.
)) (./packages-article.tex
(./packages-common.tex (/usr/share/texmf/tex/latex/ucs/ucs.sty
Package: ucs 2004/10/17 UCS: Unicode input support

(/usr/share/texmf/tex/latex/ucs/data/uni-global.def
File: uni-global.def 2004/10/17 UCS: Unicode global data
)
\uc@secondtry=\count87
\uc@combtoks=\toks14
\uc@combtoksb=\toks15
\uc@temptokena=\toks16
)
(/usr/share/texmf/tex/latex/base/inputenc.sty
Package: inputenc 2006/05/05 v1.1b Input encoding file
\inpenc@prehook=\toks17
\inpenc@posthook=\toks18

(/usr/share/texmf/tex/latex/ucs/utf8x.def
File: utf8x.def 2004/10/17 UCS: Input encoding UTF-8
))
(/usr/share/texmf/tex/latex/base/fontenc.sty
Package: fontenc 2005/09/27 v1.99g Standard LaTeX package

(/usr/share/texmf/tex/latex/base/t1enc.def
File: t1enc.def 2005/09/27 v1.99g Standard LaTeX file
LaTeX Font Info:    Redeclaring font encoding T1 on input line 43.
))
(/usr/share/texmf/tex/latex/cite/cite.sty
LaTeX Info: Redefining \cite on input line 149.
LaTeX Info: Redefining \nocite on input line 214.
Package: cite 2003/11/04  v 4.01
)
(/usr/share/texmf/tex/latex/ltxmisc/cancel.sty
Package: cancel 2000/03/12 v2.1 Cancel math terms
)
(/usr/share/texmf/tex/latex/graphics/graphicx.sty
Package: graphicx 1999/02/16 v1.0f Enhanced LaTeX Graphics (DPC,SPQR)

(/usr/share/texmf/tex/latex/graphics/keyval.sty
Package: keyval 1999/03/16 v1.13 key=value parser (DPC)
\KV@toks@=\toks19
)
(/usr/share/texmf/tex/latex/graphics/graphics.sty
Package: graphics 2006/02/20 v1.0o Standard LaTeX Graphics (DPC,SPQR)

(/usr/share/texmf/tex/latex/graphics/trig.sty
Package: trig 1999/03/16 v1.09 sin cos tan (DPC)
)
(/usr/lib/texmf/tex/latex/config/graphics.cfg
File: graphics.cfg 2007/01/18 v1.5 graphics configuration of teTeX/TeXLive
)
Package graphics Info: Driver file: pdftex.def on input line 90.

(/usr/share/texmf/tex/latex/pdftex-def/pdftex.def
File: pdftex.def 2007/01/08 v0.04d Graphics/color for pdfTeX
\Gread@gobject=\count88
))
\Gin@req@height=\dimen104
\Gin@req@width=\dimen105
)
(/usr/share/texmf/tex/latex/tools/dcolumn.sty
Package: dcolumn 2001/05/28 v1.06 decimal alignment package (DPC)

(/usr/share/texmf/tex/latex/tools/array.sty
Package: array 2005/08/23 v2.4b Tabular extension package (FMi)
\col@sep=\dimen106
\extrarowheight=\dimen107
\NC@list=\toks20
\extratabsurround=\skip43
\backup@length=\skip44
))
(/usr/share/texmf/tex/latex/graphics/color.sty
Package: color 2005/11/14 v1.0j Standard LaTeX Color (DPC)

(/usr/lib/texmf/tex/latex/config/color.cfg
File: color.cfg 2007/01/18 v1.5 color configuration of teTeX/TeXLive
)
Package color Info: Driver file: pdftex.def on input line 130.
)
(/usr/share/texmf/tex/latex/colortbl/colortbl.sty
Package: colortbl 2001/02/13 v0.1j Color table columns (DPC)
\everycr=\toks21
\minrowclearance=\skip45
)
(/usr/share/texmf/tex/latex/tools/enumerate.sty
Package: enumerate 1999/03/05 v3.00 enumerate extensions (DPC)
\@enLab=\toks22
)
(/usr/share/texmf/tex/latex/SIunits/SIunits.sty
Package: SIunits 2002/08/01 v1.33 Support for the International System of units
 (MH)


\@qskwidth=\skip46
\symgreek=\mathgroup4
(/usr/share/texmf/tex/latex/SIunits/SIunits.cfg)
Option `squaren' provided!
) (/usr/share/texmf/tex/latex/was/icomma.sty
Package: icomma 2002/03/10 v2.0 (WaS)
)
(/usr/share/texmf/tex/latex/hyperref/hyperref.sty
Package: hyperref 2007/02/07 v6.75r Hypertext links for LaTeX
\@linkdim=\dimen108
\Hy@linkcounter=\count89
\Hy@pagecounter=\count90

(/usr/share/texmf/tex/latex/hyperref/pd1enc.def
File: pd1enc.def 2007/02/07 v6.75r Hyperref: PDFDocEncoding definition (HO)
)
(/usr/lib/texmf/tex/latex/config/hyperref.cfg
File: hyperref.cfg 2002/06/06 v1.2 hyperref configuration of TeXLive
)
(/usr/share/texmf/tex/latex/oberdiek/kvoptions.sty
Package: kvoptions 2010/02/22 v3.7 Keyval support for LaTeX options (HO)

(/usr/share/texmf/tex/generic/oberdiek/kvsetkeys.sty
Package: kvsetkeys 2010/03/01 v1.9 Key value parser (HO)

(/usr/share/texmf/tex/generic/oberdiek/infwarerr.sty
Package: infwarerr 2010/04/08 v1.3 Providing info/warning/message (HO)
)
(/usr/share/texmf/tex/generic/oberdiek/etexcmds.sty
Package: etexcmds 2010/01/28 v1.3 Prefix for e-TeX command names (HO)
Package etexcmds Info: Could not find \expanded.
(etexcmds)             That can mean that you are not using pdfTeX 1.50 or
(etexcmds)             that some package has redefined \expanded.
(etexcmds)             In the latter case, load this package earlier.
)))
Package hyperref Info: Hyper figures OFF on input line 2288.
Package hyperref Info: Link nesting OFF on input line 2293.
Package hyperref Info: Hyper index ON on input line 2296.
Package hyperref Info: Plain pages OFF on input line 2303.
Package hyperref Info: Backreferencing OFF on input line 2308.

Implicit mode ON; LaTeX internals redefined
Package hyperref Info: Bookmarks ON on input line 2444.
LaTeX Info: Redefining \url on input line 2599.
\Fld@menulength=\count91
\Field@Width=\dimen109
\Fld@charsize=\dimen110
\Choice@toks=\toks23
\Field@toks=\toks24
Package hyperref Info: Hyper figures OFF on input line 3102.
Package hyperref Info: Link nesting OFF on input line 3107.
Package hyperref Info: Hyper index ON on input line 3110.
Package hyperref Info: backreferencing OFF on input line 3117.
Package hyperref Info: Link coloring OFF on input line 3122.
\Hy@abspage=\count92
\c@Item=\count93
\c@Hfootnote=\count94
)
*hyperref using default driver hpdftex*
(/usr/share/texmf/tex/latex/hyperref/hpdftex.def
File: hpdftex.def 2007/02/07 v6.75r Hyperref driver for pdfTeX
\Fld@listcount=\count95
)
(/usr/share/texmf/tex/latex/float/float.sty
Package: float 2001/11/08 v1.3d Float enhancements (AL)
\c@float@type=\count96
\float@exts=\toks25
\float@box=\box26
\@float@everytoks=\toks26
\@floatcapt=\box27
)
(/usr/share/texmf/tex/latex/tools/indentfirst.sty
Package: indentfirst 1995/11/23 v1.03 Indent first paragraph (DPC)
)
(/usr/share/texmf/tex/latex/amsfonts/amssymb.sty
Package: amssymb 2002/01/22 v2.2d

(/usr/share/texmf/tex/latex/amsfonts/amsfonts.sty
Package: amsfonts 2001/10/25 v2.2f
\@emptytoks=\toks27
\symAMSa=\mathgroup5
\symAMSb=\mathgroup6
LaTeX Font Info:    Overwriting math alphabet `\mathfrak' in version `bold'
(Font)                  U/euf/m/n --> U/euf/b/n on input line 132.
))
(/usr/share/texmf/tex/latex/tools/verbatim.sty
Package: verbatim 2003/08/22 v1.5q LaTeX2e package for verbatim enhancements
\every@verbatim=\toks28
\verbatim@line=\toks29
\verbatim@in@stream=\read1
)
(/usr/share/texmf/tex/latex/tabulary/tabulary.sty
Package: tabulary 2003/09/14 v0.8 tabulary package (DPC)
\TY@count=\count97
\TY@linewidth=\dimen111
\tymin=\dimen112
\tymax=\dimen113
\TY@tablewidth=\dimen114
)
(/usr/share/texmf/tex/latex/tools/longtable.sty
Package: longtable 2004/02/01 v4.11 Multi-page Table package (DPC)
\LTleft=\skip47
\LTright=\skip48
\LTpre=\skip49
\LTpost=\skip50
\LTchunksize=\count98
\LTcapwidth=\dimen115
\LT@head=\box28
\LT@firsthead=\box29
\LT@foot=\box30
\LT@lastfoot=\box31
\LT@cols=\count99
\LT@rows=\count100
\c@LT@tables=\count101
\c@LT@chunks=\count102
\LT@p@ftn=\toks30
)
(/usr/share/texmf/tex/latex/rotating/rotating.sty
Package: rotating 1997/09/26, v2.13 Rotation package

(/usr/share/texmf/tex/latex/base/ifthen.sty
Package: ifthen 2001/05/26 v1.1c Standard LaTeX ifthen package (DPC)
)
\c@r@tfl@t=\count103
\rot@float@box=\box32
)
(/usr/share/texmf/tex/latex/formular/formular.sty
Package: formular 2005/06/15 v1.0a -- (c) 2001 by Hans-Christoph Wirth

(/usr/share/texmf/tex/latex/tools/xspace.sty
Package: xspace 2006/05/08 v1.12 Space after command names (DPC,MH)
)
\frm@margin=\skip51
\frm@baselineskip=\skip52
\frm@namebx=\box33
\frm@contbx=\box34
\frm@cnt=\count104
\frm@lbound=\count105
)
(/usr/share/texmf/tex/latex/marginnote/marginnote.sty
Package: marginnote 2006/10/26 v1.1 non floating margin notes for LaTeX
\c@mn@abspage=\count106
)
(/usr/share/texmf/tex/latex/oberdiek/listingsutf8.sty
Package: listingsutf8 2007/11/11 v1.1 Adding support for UTF-8 to listings (HO)


(/usr/share/texmf/tex/latex/listings/listings.sty
\lst@mode=\count107
\lst@gtempboxa=\box35
\lst@token=\toks31
\lst@length=\count108
\lst@currlwidth=\dimen116
\lst@column=\count109
\lst@pos=\count110
\lst@lostspace=\dimen117
\lst@width=\dimen118
\lst@newlines=\count111
\lst@lineno=\count112
\c@lstlisting=\count113
\lst@maxwidth=\dimen119

(/usr/share/texmf/tex/latex/listings/lstpatch.sty
File: lstpatch.sty 2004/10/17 1.3b (Carsten Heinz)
)
(/usr/share/texmf/tex/latex/listings/lstmisc.sty
File: lstmisc.sty 2004/09/07 1.3 (Carsten Heinz)
\c@lstnumber=\count114
\lst@skipnumbers=\count115
\lst@framebox=\box36
)
(/usr/share/texmf/tex/latex/listings/listings.cfg
File: listings.cfg 2004/09/05 1.3 listings configuration
))
Package: listings 2004/10/17 1.3b (Carsten Heinz)

(/usr/share/texmf/tex/generic/oberdiek/pdftexcmds.sty
Package: pdftexcmds 2010/04/01 v0.9 Utility functions of pdfTeX for LuaTeX (HO)


(/usr/share/texmf/tex/generic/oberdiek/ifluatex.sty
Package: ifluatex 2010/03/01 v1.3 Provides the ifluatex switch (HO)
Package ifluatex Info: LuaTeX not detected.
)
(/usr/share/texmf/tex/generic/oberdiek/ltxcmds.sty
Package: ltxcmds 2010/04/26 v1.7 LaTeX kernel commands for general use (HO)
)
Package pdftexcmds Info: LuaTeX not detected.
Package pdftexcmds Info: \pdf@primitivedisabled, because
(pdftexcmds)             \pdfprimitive is broken until pdfTeX 1.40.4.
Package pdftexcmds Info: \pdf@primitive is not available.
Package pdftexcmds Info: \pdf@ifprimitive is available.
)
(/usr/share/texmf/tex/generic/oberdiek/stringenc.sty
Package: stringenc 2010/03/01 v1.8 Converts strings between encodings (HO)

(/usr/share/texmf/tex/generic/oberdiek/pdfescape.sty
Package: pdfescape 2010/03/01 v1.9 Provides hex, PDF name and string conversion
s (HO)
)))
(/usr/share/texmf/tex/generic/oberdiek/ifpdf.sty
Package: ifpdf 2010/01/28 v2.1 Provides the ifpdf switch (HO)
Package ifpdf Info: pdfTeX in pdf mode detected.
)
(/usr/share/texmf/tex/latex/fancybox/fancybox.sty
Package: fancybox 2000/09/19 1.3

Style option: `fancybox' v1.3 <2000/09/19> (tvz)
\@fancybox=\box37
\shadowsize=\dimen120
\@Sbox=\box38
\do@VerbBox=\toks32
\the@fancyput=\toks33
\this@fancyput=\toks34
\EndVerbatimTokens=\toks35
\Verbatim@Outfile=\write3
\Verbatim@Infile=\read2
)
\c@xdefinicja=\count116
)) (/usr/share/texmf/tex/latex/amsmath/amsmath.sty
Package: amsmath 2000/07/18 v2.13 AMS math features
\@mathmargin=\skip53

For additional information on amsmath, use the `?' option.
(/usr/share/texmf/tex/latex/amsmath/amstext.sty
Package: amstext 2000/06/29 v2.01

(/usr/share/texmf/tex/latex/amsmath/amsgen.sty
File: amsgen.sty 1999/11/30 v2.0
\@emptytoks=\toks36
\ex@=\dimen121
))
(/usr/share/texmf/tex/latex/amsmath/amsbsy.sty
Package: amsbsy 1999/11/29 v1.2d
\pmbraise@=\dimen122
)
(/usr/share/texmf/tex/latex/amsmath/amsopn.sty
Package: amsopn 1999/12/14 v2.01 operator names
)
\inf@bad=\count117
LaTeX Info: Redefining \frac on input line 211.
\uproot@=\count118
\leftroot@=\count119
LaTeX Info: Redefining \overline on input line 307.
\classnum@=\count120
\DOTSCASE@=\count121
LaTeX Info: Redefining \ldots on input line 379.
LaTeX Info: Redefining \dots on input line 382.
LaTeX Info: Redefining \cdots on input line 467.
\Mathstrutbox@=\box39
\strutbox@=\box40
\big@size=\dimen123
LaTeX Font Info:    Redeclaring font encoding OML on input line 567.
LaTeX Font Info:    Redeclaring font encoding OMS on input line 568.
\macc@depth=\count122
\c@MaxMatrixCols=\count123
\dotsspace@=\muskip11
\c@parentequation=\count124
\dspbrk@lvl=\count125
\tag@help=\toks37
\row@=\count126
\column@=\count127
\maxfields@=\count128
\andhelp@=\toks38
\eqnshift@=\dimen124
\alignsep@=\dimen125
\tagshift@=\dimen126
\tagwidth@=\dimen127
\totwidth@=\dimen128
\lineht@=\dimen129
\@envbody=\toks39
\multlinegap=\skip54
\multlinetaggap=\skip55
\mathdisplay@stack=\toks40
LaTeX Info: Redefining \[ on input line 2666.
LaTeX Info: Redefining \] on input line 2667.
) (./article.aux)
\openout1 = `article.aux'.

LaTeX Font Info:    Checking defaults for OML/cmm/m/it on input line 24.
LaTeX Font Info:    ... okay on input line 24.
LaTeX Font Info:    Checking defaults for T1/cmr/m/n on input line 24.
LaTeX Font Info:    ... okay on input line 24.
LaTeX Font Info:    Checking defaults for OT1/cmr/m/n on input line 24.
LaTeX Font Info:    ... okay on input line 24.
LaTeX Font Info:    Checking defaults for OMS/cmsy/m/n on input line 24.
LaTeX Font Info:    ... okay on input line 24.
LaTeX Font Info:    Checking defaults for OMX/cmex/m/n on input line 24.
LaTeX Font Info:    ... okay on input line 24.
LaTeX Font Info:    Checking defaults for U/cmr/m/n on input line 24.
LaTeX Font Info:    ... okay on input line 24.
LaTeX Font Info:    Checking defaults for OT4/cmr/m/n on input line 24.
LaTeX Font Info:    Try loading font information for OT4+cmr on input line 24.

(/usr/share/texmf/tex/latex/platex/ot4cmr.fd
File: ot4cmr.fd 2000/10/09 v1.2 Font defs for fonts PL (MW)
)
LaTeX Font Info:    ... okay on input line 24.
LaTeX Font Info:    Checking defaults for TS1/cmr/m/n on input line 24.
LaTeX Font Info:    Try loading font information for TS1+cmr on input line 24.

(/usr/share/texmf/tex/latex/base/ts1cmr.fd
File: ts1cmr.fd 1999/05/25 v2.5h Standard LaTeX font definitions
)
LaTeX Font Info:    ... okay on input line 24.
LaTeX Font Info:    Checking defaults for PD1/pdf/m/n on input line 24.
LaTeX Font Info:    ... okay on input line 24.

(/usr/share/texmf/tex/latex/ucs/ucsencs.def
File: ucsencs.def 2003/11/29 Fixes to fontencodings LGR, T3
)
(/usr/share/texmf/tex/context/base/supp-pdf.tex
[Loading MPS to PDF converter (version 2006.09.02).]
\scratchcounter=\count129
\scratchdimen=\dimen130
\scratchbox=\box41
\nofMPsegments=\count130
\nofMParguments=\count131
\MPscratchCnt=\count132
\MPscratchDim=\dimen131
\MPnumerator=\count133
\everyMPtoPDFconversion=\toks41
)
Option `squaren' provided! 
 Command \squaren defined by SIunits package!

Package hyperref Info: Link coloring OFF on input line 24.
(/usr/share/texmf/tex/latex/hyperref/nameref.sty
Package: nameref 2006/12/27 v2.28 Cross-referencing by name of section

(/usr/share/texmf/tex/latex/oberdiek/refcount.sty
Package: refcount 2008/08/11 v3.1 Data extraction from references (HO)
)
\c@section@level=\count134
)
LaTeX Info: Redefining \ref on input line 24.
LaTeX Info: Redefining \pageref on input line 24.
 (./article.out)
(./article.out)
\@outlinefile=\write4
\openout4 = `article.out'.

Package marginnote Info: \pdfoutput not 0 and \pdflastxpos available.
(marginnote)             Extended possition detection mode activated.
 (/usr/share/texmf/tex/latex/ucs/data/uni-1.def
File: uni-1.def 2004/10/17 UCS: Unicode data U+0100..U+01FF
)
Underfull \hbox (badness 10000) in paragraph at lines 26--26

 []

LaTeX Font Info:    Try loading font information for U+msa on input line 26.
(/usr/share/texmf/tex/latex/amsfonts/umsa.fd
File: umsa.fd 2002/01/19 v2.2g AMS font definitions
)
LaTeX Font Info:    Try loading font information for U+msb on input line 26.

(/usr/share/texmf/tex/latex/amsfonts/umsb.fd
File: umsb.fd 2002/01/19 v2.2g AMS font definitions
)
Underfull \hbox (badness 10000) in paragraph at lines 26--26

 []

LaTeX Font Info:    Try loading font information for T1+cmtt on input line 26.
(/usr/share/texmf/tex/latex/base/t1cmtt.fd
File: t1cmtt.fd 1999/05/25 v2.5h Standard LaTeX font definitions
)
(/usr/share/texmf/tex/latex/ucs/data/uni-0.def
File: uni-0.def 2004/10/17 UCS: Unicode data U+0000..U+00FF
) [1

{/var/lib/texmf/fonts/map/pdftex/updmap/pdftex.map}]
Underfull \vbox (badness 10000) has occurred while \output is active []

 [2]
[3]
Overfull \hbox (2.77953pt too wide) in paragraph at lines 113--117
\T1/cmr/m/n/12 nak-»e upraw-nie-nia sªu-»¡ prze-cie» do za-rz¡-dza-nia okre-±lo
-ny-mi za-so-ba-mi. Opty-
 []

[4] <diagram.pdf, id=110, 1424.32124pt x 685.56125pt>
File: diagram.pdf Graphic file (type pdf)
 <use diagram.pdf>
[5pdfTeX warning (ext4): destination with the same identifier (name{figure.1}) 
has been already used, duplicate ignored
<to be read again> 
                   \endgroup \set@typeset@protect 
l.164   \item w
               iki -- funkcjonalnoÅ›Ä‡ wikipedii <./diagram.pdf>]
Overfull \hbox (10.54788pt too wide) in paragraph at lines 180--183
[]\T1/cmr/m/n/12 Komponent \T1/cmtt/m/n/12 filebrowser \T1/cmr/m/n/12 sta-no-wi
 na-rz¦-dzie po-zwa-la-j¡-ce ko-rzy-sta¢ z upraw-
 []


Overfull \hbox (52.40865pt too wide) in paragraph at lines 185--190
\T1/cmr/m/n/12 jest przez (wdro-»o-n¡ w Ja-vie 7) me-to-d¦ \T1/cmtt/m/n/12 java
.nio.file.Files.probeContentType\T1/cmr/m/n/12 . 
 []

<dir-ro.pdf, id=122, 1284.8pt x 650.43pt>
File: dir-ro.pdf Graphic file (type pdf)
 <use dir-ro.pdf>
<file-ro.pdf, id=123, 1284.8pt x 509.905pt>
File: file-ro.pdf Graphic file (type pdf)
 <use file-ro.pdf>
Underfull \vbox (badness 2158) has occurred while \output is active []

 [6pdfTeX warning (ext4): destination with the same identifier (name{figure.2})
 has been already used, duplicate ignored
<to be read again> 
                   \endgroup \set@typeset@protect 
l.200 
       <./dir-ro.pdf>] <dir-rw1.pdf, id=135, 1284.8pt x 696.6025pt>
File: dir-rw1.pdf Graphic file (type pdf)

<use dir-rw1.pdf> <dir-rw2.pdf, id=136, 1284.8pt x 403.5075pt>
File: dir-rw2.pdf Graphic file (type pdf)

<use dir-rw2.pdf> [7pdfTeX warning (ext4): destination with the same identifier
 (name{figure.3}) has been already used, duplicate ignored
<to be read again> 
                   \endgroup \set@typeset@protect 
l.219 P
       odobnie jak we wszystkich pozostaÅ‚ych elementach naszej implementacj...
pdfTeX warning (ext4): destination with the same identifier (name{figure.4}) ha
s been already used, duplicate ignored
<to be read again> 
                   \endgroup \set@typeset@protect 
l.219 P
       odobnie jak we wszystkich pozostaÅ‚ych elementach naszej implementacj...
pdfTeX warning (ext4): destination with the same identifier (name{figure.5}) ha
s been already used, duplicate ignored
<to be read again> 
                   \endgroup \set@typeset@protect 
l.219 P
       odobnie jak we wszystkich pozostaÅ‚ych elementach naszej implementacj...
 <./file-ro.pdf> <./dir-rw1.pdf> <./dir-rw2.pdf>] [8]
Overfull \hbox (29.50172pt too wide) in paragraph at lines 289--292
\T1/cmr/m/n/12 Logika kom-po-nen-tu opie-ra si¦ o pa-kiet \T1/cmr/m/it/12 pl.lo
dz.p.pracowniaproblemowa.acodis.profile
 []

[9]
Underfull \vbox (badness 10000) has occurred while \output is active []

 [10]
[11]
Overfull \hbox (12.38492pt too wide) in paragraph at lines 349--351
\T1/cmr/m/n/12 Reguªa ta-ka tªu-ma-czy si¦ na j¦-zyk pol-ski na-st¦-pu-j¡-co: ,
,Je-»e-li za-cho-dzi \T1/cmtt/m/n/12 warunek1
 []

[12]
Overfull \hbox (28.29692pt too wide) in paragraph at lines 393--394
[]\T1/cmr/m/n/12 Ze wszyst-ki-mi re-gu-ªa-mi bi-blio-tecz-ny-mi mo»-na za-po-zn
a¢ si¦ w pli-ku \T1/cmtt/m/n/12 /src/main/
 []


Overfull \hbox (4.3467pt too wide) in paragraph at lines 400--401
[]\T1/cmtt/m/n/12 hasRole(Username, Role) \T1/cmr/m/n/12 -- de-kla-ru-je, »e u»
yt-kow-nik \T1/cmtt/m/n/12 Username \T1/cmr/m/n/12 ma przy-
 []


Overfull \hbox (1.93616pt too wide) in paragraph at lines 403--405
\T1/cmr/m/n/12 deklaruje, »e u»yt-kow-nik \T1/cmtt/m/n/12 Username \T1/cmr/m/n/
12 ma od-ci¦-ty do-st¦p do za-so-bu \T1/cmtt/m/n/12 Resource
 []


Overfull \hbox (3.08731pt too wide) in paragraph at lines 405--407
[]\T1/cmtt/m/n/12 roleCannotAccessAtIfLogged(Role, Resource, AccessMode) \T1/cm
r/m/n/12 -- de-kla-
 []


Overfull \hbox (8.41374pt too wide) in paragraph at lines 413--414
[]\T1/cmtt/m/n/12 userCreatedNumberOfArticles(Username, Number) \T1/cmr/m/n/12 
-- u»yt-kow-nik \T1/cmtt/m/n/12 User-
 []

[13]
Underfull \hbox (badness 10000) in paragraph at lines 435--436
[]\T1/cmr/m/n/10.95 Computer ac-cess con-trol []$\T1/cmtt/m/n/10.95 http : / / 
en . wikipedia . org / wiki / Computer _
 []


Overfull \hbox (13.25908pt too wide) in paragraph at lines 436--437
\T1/cmtt/m/n/10.95 Fundamentals_of_Information_Systems_Security/Access_Control_
Systems 
 []

[14] (./article.aux) ) 
Here is how much of TeX's memory you used:
 8846 strings out of 94086
 116080 string characters out of 1167700
 181001 words of memory out of 3500000
 11874 multiletter control sequences out of 10000+50000
 18864 words of font info for 54 fonts, out of 1200000 for 2000
 645 hyphenation exceptions out of 8191
 39i,8n,34p,803b,726s stack positions out of 5000i,500n,6000p,200000b,5000s
{/usr/share/texmf/fonts/enc/dvips/cm-super/cm-super-t1.en
c}</usr/share/texmf/fonts/type1/bluesky/cm/cmmi12.pfb></usr/share/texmf/fonts/t
ype1/bluesky/cm/cmr12.pfb></usr/share/texmf/fonts/type1/public/cm-super/sfbx120
0.pfb></usr/share/texmf/fonts/type1/public/cm-super/sfbx1440.pfb></usr/share/te
xmf/fonts/type1/public/cm-super/sfrm1095.pfb></usr/share/texmf/fonts/type1/publ
ic/cm-super/sfrm1200.pfb></usr/share/texmf/fonts/type1/public/cm-super/sfrm1440
.pfb></usr/share/texmf/fonts/type1/public/cm-super/sfrm2074.pfb></usr/share/tex
mf/fonts/type1/public/cm-super/sfsl1095.pfb></usr/share/texmf/fonts/type1/publi
c/cm-super/sfsl1200.pfb></usr/share/texmf/fonts/type1/public/cm-super/sfti1200.
pfb></usr/share/texmf/fonts/type1/public/cm-super/sftt1095.pfb></usr/share/texm
f/fonts/type1/public/cm-super/sftt1200.pfb>
Output written on article.pdf (14 pages, 2293175 bytes).
PDF statistics:
 272 PDF objects out of 1000 (max. 8388607)
 51 named destinations out of 1000 (max. 131072)
 202 words of extra memory for PDF output out of 10000 (max. 10000000)

