\BOOKMARK [1][-]{section.1}{Problem}{}
\BOOKMARK [1][-]{section.2}{Wprowadzenie}{}
\BOOKMARK [1][-]{section.3}{Aktualny stan wiedzy}{}
\BOOKMARK [1][-]{section.4}{Opis rozwiazania problemu}{}
\BOOKMARK [1][-]{section.5}{Opis implementacji}{}
\BOOKMARK [2][-]{subsection.5.1}{Zestaw kompoment\363w}{section.5}
\BOOKMARK [3][-]{subsubsection.5.1.1}{Opis og\363lny}{subsection.5.1}
\BOOKMARK [3][-]{subsubsection.5.1.2}{Komponent filebrowser}{subsection.5.1}
\BOOKMARK [3][-]{subsubsection.5.1.3}{Komponent login}{subsection.5.1}
\BOOKMARK [3][-]{subsubsection.5.1.4}{Komponent profile}{subsection.5.1}
\BOOKMARK [3][-]{subsubsection.5.1.5}{Komponent security}{subsection.5.1}
\BOOKMARK [3][-]{subsubsection.5.1.6}{Komponent wiki}{subsection.5.1}
\BOOKMARK [3][-]{subsubsection.5.1.7}{Oprawa wizualna}{subsection.5.1}
\BOOKMARK [2][-]{subsection.5.2}{Silnik regul Prologowych}{section.5}
\BOOKMARK [2][-]{subsection.5.3}{Opis og\363lny}{section.5}
\BOOKMARK [2][-]{subsection.5.4}{Reguly biblioteczne}{section.5}
\BOOKMARK [2][-]{subsection.5.5}{Reguly dostepowe}{section.5}
\BOOKMARK [1][-]{section.6}{Dyskusja rozwiazania i podsumowanie}{}
\BOOKMARK [1][-]{section.7}{Udzial w projekcie}{}
\BOOKMARK [1][-]{section.7}{Literatura}{}
